<?xml version="1.0" encoding="UTF-8"?>
<!-- Generated by org.testng.reporters.JUnitReportReporter -->
<testsuite hostname="BDC8-LX-CC2BXD3" failures="0" tests="1" name="com.GitDemo.GitProject.SampleProg1" time="0.007" errors="0" timestamp="2022-12-12T23:28:34 IST" skipped="0">
  <testcase classname="com.GitDemo.GitProject.SampleProg1" name="demo2" time="0.007"/>
  <system-out/>
</testsuite> <!-- com.GitDemo.GitProject.SampleProg1 -->
