<?xml version="1.0" encoding="UTF-8"?>
<!-- Generated by org.testng.reporters.JUnitReportReporter -->
<testsuite hostname="BDC8-LX-CC2BXD3" failures="0" tests="5" name="com.GitDemo.GitProject.sample" time="1.139" errors="0" timestamp="2022-12-19T23:18:41 IST" skipped="0">
  <testcase classname="com.GitDemo.GitProject.sample" name="courseSize" time="0.892"/>
  <system-out/>
  <testcase classname="com.GitDemo.GitProject.sample" name="sumPrice" time="0.083"/>
  <system-out/>
  <testcase classname="com.GitDemo.GitProject.sample" name="courseTitle" time="0.045"/>
  <system-out/>
  <testcase classname="com.GitDemo.GitProject.sample" name="purchaseAmt" time="0.016"/>
  <system-out/>
  <testcase classname="com.GitDemo.GitProject.sample" name="titles" time="0.103"/>
  <system-out/>
</testsuite> <!-- com.GitDemo.GitProject.sample -->
