<?xml version="1.0" encoding="UTF-8"?>
<!-- Generated by org.testng.reporters.JUnitReportReporter -->
<testsuite hostname="BDC8-LX-CC2BXD3" failures="0" tests="6" name="com.GitDemo.GitProject.complexJson" time="0.253" errors="0" timestamp="2022-12-19T23:33:19 IST" skipped="0">
  <testcase classname="com.GitDemo.GitProject.complexJson" name="courseSize" time="0.017"/>
  <system-out/>
  <testcase classname="com.GitDemo.GitProject.complexJson" name="purchaseAmt" time="0.012"/>
  <system-out/>
  <testcase classname="com.GitDemo.GitProject.complexJson" name="courseTitle" time="0.056"/>
  <system-out/>
  <testcase classname="com.GitDemo.GitProject.complexJson" name="titles" time="0.066"/>
  <system-out/>
  <testcase classname="com.GitDemo.GitProject.complexJson" name="copiesCount" time="0.031"/>
  <system-out/>
  <testcase classname="com.GitDemo.GitProject.complexJson" name="sumPrice" time="0.071"/>
  <system-out/>
</testsuite> <!-- com.GitDemo.GitProject.complexJson -->
