<?xml version="1.0" encoding="UTF-8"?>
<!-- Generated by org.testng.reporters.JUnitReportReporter -->
<testsuite hostname="BDC8-LX-CC2BXD3" failures="0" tests="2" name="com.GitDemo.GitProject.SampleProg1" time="0.011" errors="0" timestamp="2022-12-24T19:39:51 IST" skipped="0">
  <testcase classname="com.GitDemo.GitProject.SampleProg1" name="demo1" time="0.010"/>
  <system-out/>
  <testcase classname="com.GitDemo.GitProject.SampleProg1" name="demo2" time="0.001"/>
  <system-out/>
</testsuite> <!-- com.GitDemo.GitProject.SampleProg1 -->
